<?xml version="1.0" encoding="UTF-8"?>
<!-- Generated by org.testng.reporters.JUnitXMLReporter -->
<testsuite ignored="0" hostname="LAPTOP-T0NS83VU" failures="0" tests="4" name="Default test" time="4.8" errors="0" timestamp="2024-07-01T00:43:34 AST">
  <testcase classname="dataBaseTesting.myTestCases" name="addData" time="0.031"/>
  <testcase classname="dataBaseTesting.myTestCases" name="updateData" time="0.006"/>
  <testcase classname="dataBaseTesting.myTestCases" name="getData" time="4.391"/>
  <testcase classname="dataBaseTesting.myTestCases" name="deleteData" time="0.015"/>
</testsuite> <!-- Default test -->
