<?xml version="1.0" encoding="UTF-8"?>
<testng-results ignored="0" total="4" passed="4" failed="0" skipped="0">
  <reporter-output>
  </reporter-output>
  <suite started-at="2024-07-01T00:43:29 AST" name="Default suite" finished-at="2024-07-01T00:43:34 AST" duration-ms="4800">
    <groups>
    </groups>
    <test started-at="2024-07-01T00:43:29 AST" name="Default test" finished-at="2024-07-01T00:43:34 AST" duration-ms="4800">
      <class name="dataBaseTesting.myTestCases">
        <test-method is-config="true" signature="Setup()[pri:0, instance:dataBaseTesting.myTestCases@5aac4250]" started-at="2024-07-01T00:43:29 AST" name="Setup" finished-at="2024-07-01T00:43:29 AST" duration-ms="325" status="PASS">
          <reporter-output>
          </reporter-output>
        </test-method> <!-- Setup -->
        <test-method signature="addData()[pri:1, instance:dataBaseTesting.myTestCases@5aac4250]" started-at="2024-07-01T00:43:29 AST" name="addData" finished-at="2024-07-01T00:43:29 AST" duration-ms="31" status="PASS">
          <reporter-output>
          </reporter-output>
        </test-method> <!-- addData -->
        <test-method signature="updateData()[pri:2, instance:dataBaseTesting.myTestCases@5aac4250]" started-at="2024-07-01T00:43:29 AST" name="updateData" finished-at="2024-07-01T00:43:29 AST" duration-ms="6" status="PASS">
          <reporter-output>
          </reporter-output>
        </test-method> <!-- updateData -->
        <test-method signature="getData()[pri:3, instance:dataBaseTesting.myTestCases@5aac4250]" started-at="2024-07-01T00:43:29 AST" name="getData" finished-at="2024-07-01T00:43:34 AST" duration-ms="4391" status="PASS">
          <reporter-output>
          </reporter-output>
        </test-method> <!-- getData -->
        <test-method signature="deleteData()[pri:4, instance:dataBaseTesting.myTestCases@5aac4250]" started-at="2024-07-01T00:43:34 AST" name="deleteData" finished-at="2024-07-01T00:43:34 AST" duration-ms="15" status="PASS">
          <reporter-output>
          </reporter-output>
        </test-method> <!-- deleteData -->
      </class> <!-- dataBaseTesting.myTestCases -->
    </test> <!-- Default test -->
  </suite> <!-- Default suite -->
</testng-results>
